<?xml version="1.0" encoding="UTF-8"?>
<!-- Generated by org.testng.reporters.JUnitReportReporter -->
<testsuite skipped="0" hostname="Puneets-MacBook-Pro.local" name="UiTest.UiTestRespond.Tc_02_Verify_User_Able_To_Filter_Search_Result_Under_Women_Category_By_Color" tests="1" failures="0" timestamp="15 Oct 2022 09:05:30 GMT" time="41.715" errors="0">
  <testcase name="Verify_User_Able_To_Filter_Search_Result_Under_Women_Category_By_Color" time="41.715" classname="UiTest.UiTestRespond.Tc_02_Verify_User_Able_To_Filter_Search_Result_Under_Women_Category_By_Color"/>
</testsuite> <!-- UiTest.UiTestRespond.Tc_02_Verify_User_Able_To_Filter_Search_Result_Under_Women_Category_By_Color -->
