<?xml version="1.0" encoding="UTF-8"?>
<!-- Generated by org.testng.reporters.JUnitReportReporter -->
<testsuite skipped="0" hostname="Puneets-MacBook-Pro.local" name="UiTest.UiTestRespond.Tc_01_Verify_User_Able_To_Serach_Item_Using_Search_Bar" tests="1" failures="0" timestamp="15 Oct 2022 09:05:30 GMT" time="7.965" errors="0">
  <testcase name="Verify_User_Able_To_Serach_Item_Using_Search_Bar" time="7.965" classname="UiTest.UiTestRespond.Tc_01_Verify_User_Able_To_Serach_Item_Using_Search_Bar"/>
</testsuite> <!-- UiTest.UiTestRespond.Tc_01_Verify_User_Able_To_Serach_Item_Using_Search_Bar -->
