<?xml version="1.0" encoding="UTF-8"?>
<testsuite xmlns:xsi="http://www.w3.org/2001/XMLSchema-instance" xsi:noNamespaceSchemaLocation="https://maven.apache.org/surefire/maven-surefire-plugin/xsd/surefire-test-report-3.0.xsd" version="3.0" name="TestSuite" time="82.509" tests="3" errors="0" skipped="0" failures="0">
  <properties>
    <property name="gopherProxySet" value="false"/>
    <property name="awt.toolkit" value="sun.lwawt.macosx.LWCToolkit"/>
    <property name="file.encoding.pkg" value="sun.io"/>
    <property name="java.specification.version" value="1.8"/>
    <property name="sun.cpu.isalist" value=""/>
    <property name="sun.jnu.encoding" value="UTF-8"/>
    <property name="java.class.path" value="/Users/puneetjuyal/eclipse-workspace/RespondUITest/target/test-classes:/Users/puneetjuyal/eclipse-workspace/RespondUITest/target/classes:/Users/puneetjuyal/.m2/repository/core/CoreFrameWork/0.0.1-SNAPSHOT/CoreFrameWork-0.0.1-SNAPSHOT.jar:/Users/puneetjuyal/.m2/repository/org/testng/testng/6.14.3/testng-6.14.3.jar:/Users/puneetjuyal/.m2/repository/com/beust/jcommander/1.72/jcommander-1.72.jar:/Users/puneetjuyal/.m2/repository/org/apache-extras/beanshell/bsh/2.0b6/bsh-2.0b6.jar:/Users/puneetjuyal/.m2/repository/org/apache/poi/poi/4.1.0/poi-4.1.0.jar:/Users/puneetjuyal/.m2/repository/commons-codec/commons-codec/1.12/commons-codec-1.12.jar:/Users/puneetjuyal/.m2/repository/org/apache/commons/commons-collections4/4.3/commons-collections4-4.3.jar:/Users/puneetjuyal/.m2/repository/org/apache/commons/commons-math3/3.6.1/commons-math3-3.6.1.jar:/Users/puneetjuyal/.m2/repository/org/apache/poi/poi-ooxml/4.1.0/poi-ooxml-4.1.0.jar:/Users/puneetjuyal/.m2/repository/org/apache/poi/poi-ooxml-schemas/4.1.0/poi-ooxml-schemas-4.1.0.jar:/Users/puneetjuyal/.m2/repository/org/apache/xmlbeans/xmlbeans/3.1.0/xmlbeans-3.1.0.jar:/Users/puneetjuyal/.m2/repository/org/apache/commons/commons-compress/1.18/commons-compress-1.18.jar:/Users/puneetjuyal/.m2/repository/com/github/virtuald/curvesapi/1.06/curvesapi-1.06.jar:/Users/puneetjuyal/.m2/repository/com/relevantcodes/extentreports/2.41.2/extentreports-2.41.2.jar:/Users/puneetjuyal/.m2/repository/org/jsoup/jsoup/1.8.3/jsoup-1.8.3.jar:/Users/puneetjuyal/.m2/repository/org/xerial/sqlite-jdbc/3.8.11.1/sqlite-jdbc-3.8.11.1.jar:/Users/puneetjuyal/.m2/repository/org/freemarker/freemarker/2.3.23/freemarker-2.3.23.jar:/Users/puneetjuyal/.m2/repository/org/mongodb/mongodb-driver/3.0.4/mongodb-driver-3.0.4.jar:/Users/puneetjuyal/.m2/repository/org/mongodb/bson/3.0.4/bson-3.0.4.jar:/Users/puneetjuyal/.m2/repository/org/mongodb/mongodb-driver-core/3.0.4/mongodb-driver-core-3.0.4.jar:/Users/puneetjuyal/.m2/repository/com/googlecode/json-simple/json-simple/1.1.1/json-simple-1.1.1.jar:/Users/puneetjuyal/.m2/repository/org/json/json/20180813/json-20180813.jar:/Users/puneetjuyal/.m2/repository/commons-io/commons-io/2.5/commons-io-2.5.jar:/Users/puneetjuyal/.m2/repository/org/seleniumhq/selenium/selenium-java/3.141.59/selenium-java-3.141.59.jar:/Users/puneetjuyal/.m2/repository/org/seleniumhq/selenium/selenium-api/3.141.59/selenium-api-3.141.59.jar:/Users/puneetjuyal/.m2/repository/org/seleniumhq/selenium/selenium-chrome-driver/3.141.59/selenium-chrome-driver-3.141.59.jar:/Users/puneetjuyal/.m2/repository/org/seleniumhq/selenium/selenium-edge-driver/3.141.59/selenium-edge-driver-3.141.59.jar:/Users/puneetjuyal/.m2/repository/org/seleniumhq/selenium/selenium-firefox-driver/3.141.59/selenium-firefox-driver-3.141.59.jar:/Users/puneetjuyal/.m2/repository/org/seleniumhq/selenium/selenium-ie-driver/3.141.59/selenium-ie-driver-3.141.59.jar:/Users/puneetjuyal/.m2/repository/org/seleniumhq/selenium/selenium-opera-driver/3.141.59/selenium-opera-driver-3.141.59.jar:/Users/puneetjuyal/.m2/repository/org/seleniumhq/selenium/selenium-remote-driver/3.141.59/selenium-remote-driver-3.141.59.jar:/Users/puneetjuyal/.m2/repository/org/seleniumhq/selenium/selenium-safari-driver/3.141.59/selenium-safari-driver-3.141.59.jar:/Users/puneetjuyal/.m2/repository/org/seleniumhq/selenium/selenium-support/3.141.59/selenium-support-3.141.59.jar:/Users/puneetjuyal/.m2/repository/net/bytebuddy/byte-buddy/1.8.15/byte-buddy-1.8.15.jar:/Users/puneetjuyal/.m2/repository/org/apache/commons/commons-exec/1.3/commons-exec-1.3.jar:/Users/puneetjuyal/.m2/repository/com/google/guava/guava/25.0-jre/guava-25.0-jre.jar:/Users/puneetjuyal/.m2/repository/com/google/code/findbugs/jsr305/1.3.9/jsr305-1.3.9.jar:/Users/puneetjuyal/.m2/repository/org/checkerframework/checker-compat-qual/2.0.0/checker-compat-qual-2.0.0.jar:/Users/puneetjuyal/.m2/repository/com/google/errorprone/error_prone_annotations/2.1.3/error_prone_annotations-2.1.3.jar:/Users/puneetjuyal/.m2/repository/com/google/j2objc/j2objc-annotations/1.1/j2objc-annotations-1.1.jar:/Users/puneetjuyal/.m2/repository/org/codehaus/mojo/animal-sniffer-annotations/1.14/animal-sniffer-annotations-1.14.jar:/Users/puneetjuyal/.m2/repository/com/squareup/okhttp3/okhttp/3.11.0/okhttp-3.11.0.jar:/Users/puneetjuyal/.m2/repository/com/squareup/okio/okio/1.14.0/okio-1.14.0.jar:/Users/puneetjuyal/.m2/repository/org/apache/maven/plugins/maven-dependency-plugin/3.0.2/maven-dependency-plugin-3.0.2.jar:/Users/puneetjuyal/.m2/repository/org/apache/maven/maven-artifact/3.0/maven-artifact-3.0.jar:/Users/puneetjuyal/.m2/repository/org/apache/maven/maven-plugin-api/3.0/maven-plugin-api-3.0.jar:/Users/puneetjuyal/.m2/repository/org/sonatype/sisu/sisu-inject-plexus/1.4.2/sisu-inject-plexus-1.4.2.jar:/Users/puneetjuyal/.m2/repository/org/sonatype/sisu/sisu-inject-bean/1.4.2/sisu-inject-bean-1.4.2.jar:/Users/puneetjuyal/.m2/repository/org/sonatype/sisu/sisu-guice/2.1.7/sisu-guice-2.1.7-noaop.jar:/Users/puneetjuyal/.m2/repository/org/apache/maven/maven-model/3.0/maven-model-3.0.jar:/Users/puneetjuyal/.m2/repository/org/apache/maven/maven-core/3.0/maven-core-3.0.jar:/Users/puneetjuyal/.m2/repository/org/apache/maven/maven-settings/3.0/maven-settings-3.0.jar:/Users/puneetjuyal/.m2/repository/org/apache/maven/maven-settings-builder/3.0/maven-settings-builder-3.0.jar:/Users/puneetjuyal/.m2/repository/org/apache/maven/maven-model-builder/3.0/maven-model-builder-3.0.jar:/Users/puneetjuyal/.m2/repository/org/apache/maven/maven-aether-provider/3.0/maven-aether-provider-3.0.jar:/Users/puneetjuyal/.m2/repository/org/sonatype/aether/aether-impl/1.7/aether-impl-1.7.jar:/Users/puneetjuyal/.m2/repository/org/sonatype/aether/aether-spi/1.7/aether-spi-1.7.jar:/Users/puneetjuyal/.m2/repository/org/sonatype/aether/aether-api/1.7/aether-api-1.7.jar:/Users/puneetjuyal/.m2/repository/org/sonatype/aether/aether-util/1.7/aether-util-1.7.jar:/Users/puneetjuyal/.m2/repository/org/codehaus/plexus/plexus-interpolation/1.14/plexus-interpolation-1.14.jar:/Users/puneetjuyal/.m2/repository/org/codehaus/plexus/plexus-classworlds/2.2.3/plexus-classworlds-2.2.3.jar:/Users/puneetjuyal/.m2/repository/org/codehaus/plexus/plexus-component-annotations/1.5.5/plexus-component-annotations-1.5.5.jar:/Users/puneetjuyal/.m2/repository/org/sonatype/plexus/plexus-sec-dispatcher/1.3/plexus-sec-dispatcher-1.3.jar:/Users/puneetjuyal/.m2/repository/org/sonatype/plexus/plexus-cipher/1.4/plexus-cipher-1.4.jar:/Users/puneetjuyal/.m2/repository/org/apache/maven/maven-repository-metadata/3.0/maven-repository-metadata-3.0.jar:/Users/puneetjuyal/.m2/repository/org/apache/maven/reporting/maven-reporting-api/3.0/maven-reporting-api-3.0.jar:/Users/puneetjuyal/.m2/repository/org/apache/maven/reporting/maven-reporting-impl/2.3/maven-reporting-impl-2.3.jar:/Users/puneetjuyal/.m2/repository/org/apache/maven/doxia/doxia-core/1.2/doxia-core-1.2.jar:/Users/puneetjuyal/.m2/repository/xerces/xercesImpl/2.9.1/xercesImpl-2.9.1.jar:/Users/puneetjuyal/.m2/repository/xml-apis/xml-apis/1.3.04/xml-apis-1.3.04.jar:/Users/puneetjuyal/.m2/repository/commons-validator/commons-validator/1.3.1/commons-validator-1.3.1.jar:/Users/puneetjuyal/.m2/repository/commons-beanutils/commons-beanutils/1.7.0/commons-beanutils-1.7.0.jar:/Users/puneetjuyal/.m2/repository/commons-digester/commons-digester/1.6/commons-digester-1.6.jar:/Users/puneetjuyal/.m2/repository/org/apache/maven/doxia/doxia-sink-api/1.4/doxia-sink-api-1.4.jar:/Users/puneetjuyal/.m2/repository/org/apache/maven/doxia/doxia-logging-api/1.4/doxia-logging-api-1.4.jar:/Users/puneetjuyal/.m2/repository/org/apache/maven/doxia/doxia-site-renderer/1.4/doxia-site-renderer-1.4.jar:/Users/puneetjuyal/.m2/repository/org/apache/maven/doxia/doxia-decoration-model/1.4/doxia-decoration-model-1.4.jar:/Users/puneetjuyal/.m2/repository/org/apache/maven/doxia/doxia-module-xhtml/1.4/doxia-module-xhtml-1.4.jar:/Users/puneetjuyal/.m2/repository/org/apache/maven/doxia/doxia-module-fml/1.4/doxia-module-fml-1.4.jar:/Users/puneetjuyal/.m2/repository/org/codehaus/plexus/plexus-i18n/1.0-beta-7/plexus-i18n-1.0-beta-7.jar:/Users/puneetjuyal/.m2/repository/org/codehaus/plexus/plexus-container-default/1.0-alpha-30/plexus-container-default-1.0-alpha-30.jar:/Users/puneetjuyal/.m2/repository/org/codehaus/plexus/plexus-velocity/1.1.7/plexus-velocity-1.1.7.jar:/Users/puneetjuyal/.m2/repository/org/apache/velocity/velocity/1.5/velocity-1.5.jar:/Users/puneetjuyal/.m2/repository/oro/oro/2.0.8/oro-2.0.8.jar:/Users/puneetjuyal/.m2/repository/org/apache/velocity/velocity-tools/2.0/velocity-tools-2.0.jar:/Users/puneetjuyal/.m2/repository/commons-chain/commons-chain/1.1/commons-chain-1.1.jar:/Users/puneetjuyal/.m2/repository/dom4j/dom4j/1.1/dom4j-1.1.jar:/Users/puneetjuyal/.m2/repository/sslext/sslext/1.2-0/sslext-1.2-0.jar:/Users/puneetjuyal/.m2/repository/org/apache/struts/struts-core/1.3.8/struts-core-1.3.8.jar:/Users/puneetjuyal/.m2/repository/antlr/antlr/2.7.2/antlr-2.7.2.jar:/Users/puneetjuyal/.m2/repository/org/apache/struts/struts-taglib/1.3.8/struts-taglib-1.3.8.jar:/Users/puneetjuyal/.m2/repository/org/apache/struts/struts-tiles/1.3.8/struts-tiles-1.3.8.jar:/Users/puneetjuyal/.m2/repository/org/codehaus/plexus/plexus-archiver/3.4/plexus-archiver-3.4.jar:/Users/puneetjuyal/.m2/repository/org/iq80/snappy/snappy/0.4/snappy-0.4.jar:/Users/puneetjuyal/.m2/repository/org/tukaani/xz/1.5/xz-1.5.jar:/Users/puneetjuyal/.m2/repository/org/codehaus/plexus/plexus-utils/3.0.24/plexus-utils-3.0.24.jar:/Users/puneetjuyal/.m2/repository/org/apache/maven/shared/file-management/1.2.1/file-management-1.2.1.jar:/Users/puneetjuyal/.m2/repository/org/apache/maven/shared/maven-shared-io/1.1/maven-shared-io-1.1.jar:/Users/puneetjuyal/.m2/repository/org/apache/maven/wagon/wagon-provider-api/1.0-alpha-6/wagon-provider-api-1.0-alpha-6.jar:/Users/puneetjuyal/.m2/repository/org/codehaus/plexus/plexus-io/2.4/plexus-io-2.4.jar:/Users/puneetjuyal/.m2/repository/org/apache/maven/shared/maven-dependency-analyzer/1.7/maven-dependency-analyzer-1.7.jar:/Users/puneetjuyal/.m2/repository/org/ow2/asm/asm/5.0.2/asm-5.0.2.jar:/Users/puneetjuyal/.m2/repository/org/apache/maven/shared/maven-dependency-tree/3.0.1/maven-dependency-tree-3.0.1.jar:/Users/puneetjuyal/.m2/repository/org/eclipse/aether/aether-util/0.9.0.M2/aether-util-0.9.0.M2.jar:/Users/puneetjuyal/.m2/repository/org/apache/maven/shared/maven-common-artifact-filters/3.0.1/maven-common-artifact-filters-3.0.1.jar:/Users/puneetjuyal/.m2/repository/org/apache/maven/shared/maven-artifact-transfer/0.9.1/maven-artifact-transfer-0.9.1.jar:/Users/puneetjuyal/.m2/repository/org/apache/maven/shared/maven-shared-utils/3.2.0/maven-shared-utils-3.2.0.jar:/Users/puneetjuyal/.m2/repository/commons-lang/commons-lang/2.6/commons-lang-2.6.jar:/Users/puneetjuyal/.m2/repository/commons-collections/commons-collections/3.2.2/commons-collections-3.2.2.jar:/Users/puneetjuyal/.m2/repository/classworlds/classworlds/1.1/classworlds-1.1.jar:/Users/puneetjuyal/.m2/repository/io/github/bonigarcia/webdrivermanager/3.6.2/webdrivermanager-3.6.2.jar:/Users/puneetjuyal/.m2/repository/org/slf4j/slf4j-api/1.7.25/slf4j-api-1.7.25.jar:/Users/puneetjuyal/.m2/repository/com/google/code/gson/gson/2.8.5/gson-2.8.5.jar:/Users/puneetjuyal/.m2/repository/org/apache/httpcomponents/httpclient/4.5.6/httpclient-4.5.6.jar:/Users/puneetjuyal/.m2/repository/org/apache/httpcomponents/httpcore/4.4.10/httpcore-4.4.10.jar:/Users/puneetjuyal/.m2/repository/commons-logging/commons-logging/1.2/commons-logging-1.2.jar:/Users/puneetjuyal/.m2/repository/org/rauschig/jarchivelib/1.0.0/jarchivelib-1.0.0.jar:/Users/puneetjuyal/.m2/repository/com/github/stephenc/monte/monte-screen-recorder/0.7.7.0/monte-screen-recorder-0.7.7.0.jar:/Users/puneetjuyal/.m2/repository/mysql/mysql-connector-java/8.0.16/mysql-connector-java-8.0.16.jar:/Users/puneetjuyal/.m2/repository/com/google/protobuf/protobuf-java/3.6.1/protobuf-java-3.6.1.jar:/Users/puneetjuyal/.m2/repository/junit/junit/3.8.1/junit-3.8.1.jar:/Users/puneetjuyal/.m2/repository/core/UndosTresCore/0.0.1-SNAPSHOT/UndosTresCore-0.0.1-SNAPSHOT.jar:/Users/puneetjuyal/.m2/repository/com/github/javafaker/javafaker/1.0.1/javafaker-1.0.1.jar:/Users/puneetjuyal/.m2/repository/org/apache/commons/commons-lang3/3.5/commons-lang3-3.5.jar:/Users/puneetjuyal/.m2/repository/org/yaml/snakeyaml/1.23/snakeyaml-1.23-android.jar:/Users/puneetjuyal/.m2/repository/com/github/mifmif/generex/1.0.2/generex-1.0.2.jar:/Users/puneetjuyal/.m2/repository/dk/brics/automaton/automaton/1.11-8/automaton-1.11-8.jar:"/>
    <property name="java.vm.vendor" value="Oracle Corporation"/>
    <property name="sun.arch.data.model" value="64"/>
    <property name="java.vendor.url" value="http://java.oracle.com/"/>
    <property name="user.timezone" value=""/>
    <property name="java.vm.specification.version" value="1.8"/>
    <property name="os.name" value="Mac OS X"/>
    <property name="user.country" value="IN"/>
    <property name="sun.java.launcher" value="SUN_STANDARD"/>
    <property name="sun.boot.library.path" value="/Library/Java/JavaVirtualMachines/jdk1.8.0_341.jdk/Contents/Home/jre/lib"/>
    <property name="sun.java.command" value="/Users/puneetjuyal/eclipse-workspace/RespondUITest/target/surefire/surefirebooter3398456948812167952.jar /Users/puneetjuyal/eclipse-workspace/RespondUITest/target/surefire 2022-10-15T14-34-06_774-jvmRun1 surefire1807363707469703298tmp surefire_0933132891443696626tmp"/>
    <property name="http.nonProxyHosts" value="local|*.local|169.254/16|*.169.254/16"/>
    <property name="surefire.test.class.path" value="/Users/puneetjuyal/eclipse-workspace/RespondUITest/target/test-classes:/Users/puneetjuyal/eclipse-workspace/RespondUITest/target/classes:/Users/puneetjuyal/.m2/repository/core/CoreFrameWork/0.0.1-SNAPSHOT/CoreFrameWork-0.0.1-SNAPSHOT.jar:/Users/puneetjuyal/.m2/repository/org/testng/testng/6.14.3/testng-6.14.3.jar:/Users/puneetjuyal/.m2/repository/com/beust/jcommander/1.72/jcommander-1.72.jar:/Users/puneetjuyal/.m2/repository/org/apache-extras/beanshell/bsh/2.0b6/bsh-2.0b6.jar:/Users/puneetjuyal/.m2/repository/org/apache/poi/poi/4.1.0/poi-4.1.0.jar:/Users/puneetjuyal/.m2/repository/commons-codec/commons-codec/1.12/commons-codec-1.12.jar:/Users/puneetjuyal/.m2/repository/org/apache/commons/commons-collections4/4.3/commons-collections4-4.3.jar:/Users/puneetjuyal/.m2/repository/org/apache/commons/commons-math3/3.6.1/commons-math3-3.6.1.jar:/Users/puneetjuyal/.m2/repository/org/apache/poi/poi-ooxml/4.1.0/poi-ooxml-4.1.0.jar:/Users/puneetjuyal/.m2/repository/org/apache/poi/poi-ooxml-schemas/4.1.0/poi-ooxml-schemas-4.1.0.jar:/Users/puneetjuyal/.m2/repository/org/apache/xmlbeans/xmlbeans/3.1.0/xmlbeans-3.1.0.jar:/Users/puneetjuyal/.m2/repository/org/apache/commons/commons-compress/1.18/commons-compress-1.18.jar:/Users/puneetjuyal/.m2/repository/com/github/virtuald/curvesapi/1.06/curvesapi-1.06.jar:/Users/puneetjuyal/.m2/repository/com/relevantcodes/extentreports/2.41.2/extentreports-2.41.2.jar:/Users/puneetjuyal/.m2/repository/org/jsoup/jsoup/1.8.3/jsoup-1.8.3.jar:/Users/puneetjuyal/.m2/repository/org/xerial/sqlite-jdbc/3.8.11.1/sqlite-jdbc-3.8.11.1.jar:/Users/puneetjuyal/.m2/repository/org/freemarker/freemarker/2.3.23/freemarker-2.3.23.jar:/Users/puneetjuyal/.m2/repository/org/mongodb/mongodb-driver/3.0.4/mongodb-driver-3.0.4.jar:/Users/puneetjuyal/.m2/repository/org/mongodb/bson/3.0.4/bson-3.0.4.jar:/Users/puneetjuyal/.m2/repository/org/mongodb/mongodb-driver-core/3.0.4/mongodb-driver-core-3.0.4.jar:/Users/puneetjuyal/.m2/repository/com/googlecode/json-simple/json-simple/1.1.1/json-simple-1.1.1.jar:/Users/puneetjuyal/.m2/repository/org/json/json/20180813/json-20180813.jar:/Users/puneetjuyal/.m2/repository/commons-io/commons-io/2.5/commons-io-2.5.jar:/Users/puneetjuyal/.m2/repository/org/seleniumhq/selenium/selenium-java/3.141.59/selenium-java-3.141.59.jar:/Users/puneetjuyal/.m2/repository/org/seleniumhq/selenium/selenium-api/3.141.59/selenium-api-3.141.59.jar:/Users/puneetjuyal/.m2/repository/org/seleniumhq/selenium/selenium-chrome-driver/3.141.59/selenium-chrome-driver-3.141.59.jar:/Users/puneetjuyal/.m2/repository/org/seleniumhq/selenium/selenium-edge-driver/3.141.59/selenium-edge-driver-3.141.59.jar:/Users/puneetjuyal/.m2/repository/org/seleniumhq/selenium/selenium-firefox-driver/3.141.59/selenium-firefox-driver-3.141.59.jar:/Users/puneetjuyal/.m2/repository/org/seleniumhq/selenium/selenium-ie-driver/3.141.59/selenium-ie-driver-3.141.59.jar:/Users/puneetjuyal/.m2/repository/org/seleniumhq/selenium/selenium-opera-driver/3.141.59/selenium-opera-driver-3.141.59.jar:/Users/puneetjuyal/.m2/repository/org/seleniumhq/selenium/selenium-remote-driver/3.141.59/selenium-remote-driver-3.141.59.jar:/Users/puneetjuyal/.m2/repository/org/seleniumhq/selenium/selenium-safari-driver/3.141.59/selenium-safari-driver-3.141.59.jar:/Users/puneetjuyal/.m2/repository/org/seleniumhq/selenium/selenium-support/3.141.59/selenium-support-3.141.59.jar:/Users/puneetjuyal/.m2/repository/net/bytebuddy/byte-buddy/1.8.15/byte-buddy-1.8.15.jar:/Users/puneetjuyal/.m2/repository/org/apache/commons/commons-exec/1.3/commons-exec-1.3.jar:/Users/puneetjuyal/.m2/repository/com/google/guava/guava/25.0-jre/guava-25.0-jre.jar:/Users/puneetjuyal/.m2/repository/com/google/code/findbugs/jsr305/1.3.9/jsr305-1.3.9.jar:/Users/puneetjuyal/.m2/repository/org/checkerframework/checker-compat-qual/2.0.0/checker-compat-qual-2.0.0.jar:/Users/puneetjuyal/.m2/repository/com/google/errorprone/error_prone_annotations/2.1.3/error_prone_annotations-2.1.3.jar:/Users/puneetjuyal/.m2/repository/com/google/j2objc/j2objc-annotations/1.1/j2objc-annotations-1.1.jar:/Users/puneetjuyal/.m2/repository/org/codehaus/mojo/animal-sniffer-annotations/1.14/animal-sniffer-annotations-1.14.jar:/Users/puneetjuyal/.m2/repository/com/squareup/okhttp3/okhttp/3.11.0/okhttp-3.11.0.jar:/Users/puneetjuyal/.m2/repository/com/squareup/okio/okio/1.14.0/okio-1.14.0.jar:/Users/puneetjuyal/.m2/repository/org/apache/maven/plugins/maven-dependency-plugin/3.0.2/maven-dependency-plugin-3.0.2.jar:/Users/puneetjuyal/.m2/repository/org/apache/maven/maven-artifact/3.0/maven-artifact-3.0.jar:/Users/puneetjuyal/.m2/repository/org/apache/maven/maven-plugin-api/3.0/maven-plugin-api-3.0.jar:/Users/puneetjuyal/.m2/repository/org/sonatype/sisu/sisu-inject-plexus/1.4.2/sisu-inject-plexus-1.4.2.jar:/Users/puneetjuyal/.m2/repository/org/sonatype/sisu/sisu-inject-bean/1.4.2/sisu-inject-bean-1.4.2.jar:/Users/puneetjuyal/.m2/repository/org/sonatype/sisu/sisu-guice/2.1.7/sisu-guice-2.1.7-noaop.jar:/Users/puneetjuyal/.m2/repository/org/apache/maven/maven-model/3.0/maven-model-3.0.jar:/Users/puneetjuyal/.m2/repository/org/apache/maven/maven-core/3.0/maven-core-3.0.jar:/Users/puneetjuyal/.m2/repository/org/apache/maven/maven-settings/3.0/maven-settings-3.0.jar:/Users/puneetjuyal/.m2/repository/org/apache/maven/maven-settings-builder/3.0/maven-settings-builder-3.0.jar:/Users/puneetjuyal/.m2/repository/org/apache/maven/maven-model-builder/3.0/maven-model-builder-3.0.jar:/Users/puneetjuyal/.m2/repository/org/apache/maven/maven-aether-provider/3.0/maven-aether-provider-3.0.jar:/Users/puneetjuyal/.m2/repository/org/sonatype/aether/aether-impl/1.7/aether-impl-1.7.jar:/Users/puneetjuyal/.m2/repository/org/sonatype/aether/aether-spi/1.7/aether-spi-1.7.jar:/Users/puneetjuyal/.m2/repository/org/sonatype/aether/aether-api/1.7/aether-api-1.7.jar:/Users/puneetjuyal/.m2/repository/org/sonatype/aether/aether-util/1.7/aether-util-1.7.jar:/Users/puneetjuyal/.m2/repository/org/codehaus/plexus/plexus-interpolation/1.14/plexus-interpolation-1.14.jar:/Users/puneetjuyal/.m2/repository/org/codehaus/plexus/plexus-classworlds/2.2.3/plexus-classworlds-2.2.3.jar:/Users/puneetjuyal/.m2/repository/org/codehaus/plexus/plexus-component-annotations/1.5.5/plexus-component-annotations-1.5.5.jar:/Users/puneetjuyal/.m2/repository/org/sonatype/plexus/plexus-sec-dispatcher/1.3/plexus-sec-dispatcher-1.3.jar:/Users/puneetjuyal/.m2/repository/org/sonatype/plexus/plexus-cipher/1.4/plexus-cipher-1.4.jar:/Users/puneetjuyal/.m2/repository/org/apache/maven/maven-repository-metadata/3.0/maven-repository-metadata-3.0.jar:/Users/puneetjuyal/.m2/repository/org/apache/maven/reporting/maven-reporting-api/3.0/maven-reporting-api-3.0.jar:/Users/puneetjuyal/.m2/repository/org/apache/maven/reporting/maven-reporting-impl/2.3/maven-reporting-impl-2.3.jar:/Users/puneetjuyal/.m2/repository/org/apache/maven/doxia/doxia-core/1.2/doxia-core-1.2.jar:/Users/puneetjuyal/.m2/repository/xerces/xercesImpl/2.9.1/xercesImpl-2.9.1.jar:/Users/puneetjuyal/.m2/repository/xml-apis/xml-apis/1.3.04/xml-apis-1.3.04.jar:/Users/puneetjuyal/.m2/repository/commons-validator/commons-validator/1.3.1/commons-validator-1.3.1.jar:/Users/puneetjuyal/.m2/repository/commons-beanutils/commons-beanutils/1.7.0/commons-beanutils-1.7.0.jar:/Users/puneetjuyal/.m2/repository/commons-digester/commons-digester/1.6/commons-digester-1.6.jar:/Users/puneetjuyal/.m2/repository/org/apache/maven/doxia/doxia-sink-api/1.4/doxia-sink-api-1.4.jar:/Users/puneetjuyal/.m2/repository/org/apache/maven/doxia/doxia-logging-api/1.4/doxia-logging-api-1.4.jar:/Users/puneetjuyal/.m2/repository/org/apache/maven/doxia/doxia-site-renderer/1.4/doxia-site-renderer-1.4.jar:/Users/puneetjuyal/.m2/repository/org/apache/maven/doxia/doxia-decoration-model/1.4/doxia-decoration-model-1.4.jar:/Users/puneetjuyal/.m2/repository/org/apache/maven/doxia/doxia-module-xhtml/1.4/doxia-module-xhtml-1.4.jar:/Users/puneetjuyal/.m2/repository/org/apache/maven/doxia/doxia-module-fml/1.4/doxia-module-fml-1.4.jar:/Users/puneetjuyal/.m2/repository/org/codehaus/plexus/plexus-i18n/1.0-beta-7/plexus-i18n-1.0-beta-7.jar:/Users/puneetjuyal/.m2/repository/org/codehaus/plexus/plexus-container-default/1.0-alpha-30/plexus-container-default-1.0-alpha-30.jar:/Users/puneetjuyal/.m2/repository/org/codehaus/plexus/plexus-velocity/1.1.7/plexus-velocity-1.1.7.jar:/Users/puneetjuyal/.m2/repository/org/apache/velocity/velocity/1.5/velocity-1.5.jar:/Users/puneetjuyal/.m2/repository/oro/oro/2.0.8/oro-2.0.8.jar:/Users/puneetjuyal/.m2/repository/org/apache/velocity/velocity-tools/2.0/velocity-tools-2.0.jar:/Users/puneetjuyal/.m2/repository/commons-chain/commons-chain/1.1/commons-chain-1.1.jar:/Users/puneetjuyal/.m2/repository/dom4j/dom4j/1.1/dom4j-1.1.jar:/Users/puneetjuyal/.m2/repository/sslext/sslext/1.2-0/sslext-1.2-0.jar:/Users/puneetjuyal/.m2/repository/org/apache/struts/struts-core/1.3.8/struts-core-1.3.8.jar:/Users/puneetjuyal/.m2/repository/antlr/antlr/2.7.2/antlr-2.7.2.jar:/Users/puneetjuyal/.m2/repository/org/apache/struts/struts-taglib/1.3.8/struts-taglib-1.3.8.jar:/Users/puneetjuyal/.m2/repository/org/apache/struts/struts-tiles/1.3.8/struts-tiles-1.3.8.jar:/Users/puneetjuyal/.m2/repository/org/codehaus/plexus/plexus-archiver/3.4/plexus-archiver-3.4.jar:/Users/puneetjuyal/.m2/repository/org/iq80/snappy/snappy/0.4/snappy-0.4.jar:/Users/puneetjuyal/.m2/repository/org/tukaani/xz/1.5/xz-1.5.jar:/Users/puneetjuyal/.m2/repository/org/codehaus/plexus/plexus-utils/3.0.24/plexus-utils-3.0.24.jar:/Users/puneetjuyal/.m2/repository/org/apache/maven/shared/file-management/1.2.1/file-management-1.2.1.jar:/Users/puneetjuyal/.m2/repository/org/apache/maven/shared/maven-shared-io/1.1/maven-shared-io-1.1.jar:/Users/puneetjuyal/.m2/repository/org/apache/maven/wagon/wagon-provider-api/1.0-alpha-6/wagon-provider-api-1.0-alpha-6.jar:/Users/puneetjuyal/.m2/repository/org/codehaus/plexus/plexus-io/2.4/plexus-io-2.4.jar:/Users/puneetjuyal/.m2/repository/org/apache/maven/shared/maven-dependency-analyzer/1.7/maven-dependency-analyzer-1.7.jar:/Users/puneetjuyal/.m2/repository/org/ow2/asm/asm/5.0.2/asm-5.0.2.jar:/Users/puneetjuyal/.m2/repository/org/apache/maven/shared/maven-dependency-tree/3.0.1/maven-dependency-tree-3.0.1.jar:/Users/puneetjuyal/.m2/repository/org/eclipse/aether/aether-util/0.9.0.M2/aether-util-0.9.0.M2.jar:/Users/puneetjuyal/.m2/repository/org/apache/maven/shared/maven-common-artifact-filters/3.0.1/maven-common-artifact-filters-3.0.1.jar:/Users/puneetjuyal/.m2/repository/org/apache/maven/shared/maven-artifact-transfer/0.9.1/maven-artifact-transfer-0.9.1.jar:/Users/puneetjuyal/.m2/repository/org/apache/maven/shared/maven-shared-utils/3.2.0/maven-shared-utils-3.2.0.jar:/Users/puneetjuyal/.m2/repository/commons-lang/commons-lang/2.6/commons-lang-2.6.jar:/Users/puneetjuyal/.m2/repository/commons-collections/commons-collections/3.2.2/commons-collections-3.2.2.jar:/Users/puneetjuyal/.m2/repository/classworlds/classworlds/1.1/classworlds-1.1.jar:/Users/puneetjuyal/.m2/repository/io/github/bonigarcia/webdrivermanager/3.6.2/webdrivermanager-3.6.2.jar:/Users/puneetjuyal/.m2/repository/org/slf4j/slf4j-api/1.7.25/slf4j-api-1.7.25.jar:/Users/puneetjuyal/.m2/repository/com/google/code/gson/gson/2.8.5/gson-2.8.5.jar:/Users/puneetjuyal/.m2/repository/org/apache/httpcomponents/httpclient/4.5.6/httpclient-4.5.6.jar:/Users/puneetjuyal/.m2/repository/org/apache/httpcomponents/httpcore/4.4.10/httpcore-4.4.10.jar:/Users/puneetjuyal/.m2/repository/commons-logging/commons-logging/1.2/commons-logging-1.2.jar:/Users/puneetjuyal/.m2/repository/org/rauschig/jarchivelib/1.0.0/jarchivelib-1.0.0.jar:/Users/puneetjuyal/.m2/repository/com/github/stephenc/monte/monte-screen-recorder/0.7.7.0/monte-screen-recorder-0.7.7.0.jar:/Users/puneetjuyal/.m2/repository/mysql/mysql-connector-java/8.0.16/mysql-connector-java-8.0.16.jar:/Users/puneetjuyal/.m2/repository/com/google/protobuf/protobuf-java/3.6.1/protobuf-java-3.6.1.jar:/Users/puneetjuyal/.m2/repository/junit/junit/3.8.1/junit-3.8.1.jar:/Users/puneetjuyal/.m2/repository/core/UndosTresCore/0.0.1-SNAPSHOT/UndosTresCore-0.0.1-SNAPSHOT.jar:/Users/puneetjuyal/.m2/repository/com/github/javafaker/javafaker/1.0.1/javafaker-1.0.1.jar:/Users/puneetjuyal/.m2/repository/org/apache/commons/commons-lang3/3.5/commons-lang3-3.5.jar:/Users/puneetjuyal/.m2/repository/org/yaml/snakeyaml/1.23/snakeyaml-1.23-android.jar:/Users/puneetjuyal/.m2/repository/com/github/mifmif/generex/1.0.2/generex-1.0.2.jar:/Users/puneetjuyal/.m2/repository/dk/brics/automaton/automaton/1.11-8/automaton-1.11-8.jar:"/>
    <property name="sun.cpu.endian" value="little"/>
    <property name="user.home" value="/Users/puneetjuyal"/>
    <property name="user.language" value="en"/>
    <property name="java.specification.vendor" value="Oracle Corporation"/>
    <property name="java.home" value="/Library/Java/JavaVirtualMachines/jdk1.8.0_341.jdk/Contents/Home/jre"/>
    <property name="basedir" value="/Users/puneetjuyal/eclipse-workspace/RespondUITest"/>
    <property name="style.color" value="always"/>
    <property name="file.separator" value="/"/>
    <property name="line.separator" value="&#10;"/>
    <property name="java.vm.specification.vendor" value="Oracle Corporation"/>
    <property name="java.specification.name" value="Java Platform API Specification"/>
    <property name="java.awt.graphicsenv" value="sun.awt.CGraphicsEnvironment"/>
    <property name="surefire.real.class.path" value="/Users/puneetjuyal/eclipse-workspace/RespondUITest/target/surefire/surefirebooter3398456948812167952.jar"/>
    <property name="sun.boot.class.path" value="/Library/Java/JavaVirtualMachines/jdk1.8.0_341.jdk/Contents/Home/jre/lib/resources.jar:/Library/Java/JavaVirtualMachines/jdk1.8.0_341.jdk/Contents/Home/jre/lib/rt.jar:/Library/Java/JavaVirtualMachines/jdk1.8.0_341.jdk/Contents/Home/jre/lib/jsse.jar:/Library/Java/JavaVirtualMachines/jdk1.8.0_341.jdk/Contents/Home/jre/lib/jce.jar:/Library/Java/JavaVirtualMachines/jdk1.8.0_341.jdk/Contents/Home/jre/lib/charsets.jar:/Library/Java/JavaVirtualMachines/jdk1.8.0_341.jdk/Contents/Home/jre/lib/jfr.jar:/Library/Java/JavaVirtualMachines/jdk1.8.0_341.jdk/Contents/Home/jre/classes"/>
    <property name="sun.management.compiler" value="HotSpot 64-Bit Tiered Compilers"/>
    <property name="ftp.nonProxyHosts" value="local|*.local|169.254/16|*.169.254/16"/>
    <property name="java.runtime.version" value="1.8.0_341-b10"/>
    <property name="user.name" value="puneetjuyal"/>
    <property name="path.separator" value=":"/>
    <property name="os.version" value="12.5.1"/>
    <property name="java.endorsed.dirs" value="/Library/Java/JavaVirtualMachines/jdk1.8.0_341.jdk/Contents/Home/jre/lib/endorsed"/>
    <property name="java.runtime.name" value="Java(TM) SE Runtime Environment"/>
    <property name="file.encoding" value="UTF-8"/>
    <property name="java.vm.name" value="Java HotSpot(TM) 64-Bit Server VM"/>
    <property name="localRepository" value="/Users/puneetjuyal/.m2/repository"/>
    <property name="java.vendor.url.bug" value="http://bugreport.sun.com/bugreport/"/>
    <property name="java.io.tmpdir" value="/var/folders/lv/hz0djqtn62scw43zbhp99_yw0000gn/T/"/>
    <property name="java.version" value="1.8.0_341"/>
    <property name="user.dir" value="/Users/puneetjuyal/eclipse-workspace/RespondUITest"/>
    <property name="os.arch" value="x86_64"/>
    <property name="java.vm.specification.name" value="Java Virtual Machine Specification"/>
    <property name="java.awt.printerjob" value="sun.lwawt.macosx.CPrinterJob"/>
    <property name="sun.os.patch.level" value="unknown"/>
    <property name="java.library.path" value="/Users/puneetjuyal/Library/Java/Extensions:/Library/Java/Extensions:/Network/Library/Java/Extensions:/System/Library/Java/Extensions:/usr/lib/java:."/>
    <property name="java.vm.info" value="mixed mode"/>
    <property name="java.vendor" value="Oracle Corporation"/>
    <property name="java.vm.version" value="25.341-b10"/>
    <property name="java.ext.dirs" value="/Users/puneetjuyal/Library/Java/Extensions:/Library/Java/JavaVirtualMachines/jdk1.8.0_341.jdk/Contents/Home/jre/lib/ext:/Library/Java/Extensions:/Network/Library/Java/Extensions:/System/Library/Java/Extensions:/usr/lib/java"/>
    <property name="sun.io.unicode.encoding" value="UnicodeBig"/>
    <property name="java.class.version" value="52.0"/>
    <property name="socksNonProxyHosts" value="local|*.local|169.254/16|*.169.254/16"/>
  </properties>
  <testcase name="Verify_User_Able_To_Serach_Item_Using_Search_Bar" classname="UiTest.UiTestRespond.Tc_01_Verify_User_Able_To_Serach_Item_Using_Search_Bar" time="7.968"/>
  <testcase name="Verify_User_Able_To_Filter_Search_Result_Under_Women_Category_By_Color" classname="UiTest.UiTestRespond.Tc_02_Verify_User_Able_To_Filter_Search_Result_Under_Women_Category_By_Color" time="41.712"/>
  <testcase name="verify_If_User_Able_To_View_Any_Clothing_Item_And_Add_That_To_Cart" classname="UiTest.UiTestRespond.Tc_03_Verify_If_User_Able_To_View_Any_Clothing_Item_And_Add_That_To_Cart" time="2.684"/>
</testsuite>